<?xml version="1.0" encoding="UTF-8"?>
<!-- Generated by org.testng.reporters.JUnitReportReporter -->
<testsuite hostname="ATLANTISPC-274" name="com.qtpselenium.test.PreTest" tests="1" failures="0" timestamp="9 Dec 2015 09:20:41 GMT" time="158.547" errors="0">
  <testcase name="Pretest" time="158.547" classname="com.qtpselenium.test.PreTest"/>
</testsuite> <!-- com.qtpselenium.test.PreTest -->
