<?xml version="1.0" encoding="UTF-8"?>
<!-- Generated by org.testng.reporters.JUnitReportReporter -->
<testsuite hostname="ATLANTISPC-274" name="com.qtpselenium.test.NewTest" tests="1" failures="0" timestamp="19 Nov 2015 09:34:13 GMT" time="60.825" errors="0">
  <testcase name="f" time="60.825" classname="com.qtpselenium.test.NewTest"/>
</testsuite> <!-- com.qtpselenium.test.NewTest -->
